<?xml version="1.0" encoding="UTF-8"?>
<!-- Generated by org.testng.reporters.JUnitReportReporter -->
<testsuite hostname="Hi-Speed-S340" failures="0" tests="1" name="extentReports.ToAddScreenshotIntoReport" time="7.027" errors="0" timestamp="2025-01-22T11:39:23 IST" skipped="0">
  <testcase classname="extentReports.ToAddScreenshotIntoReport" name="addScreenshot" time="7.027"/>
  <system-out/>
</testsuite> <!-- extentReports.ToAddScreenshotIntoReport -->
