<?xml version="1.0" encoding="UTF-8"?>
<!-- Generated by org.testng.reporters.JUnitReportReporter -->
<testsuite hostname="Hi-Speed-S340" failures="0" tests="1" name="extentReports.ToLearnExtentReports" time="0.790" errors="0" timestamp="2025-01-22T11:09:38 IST" skipped="0">
  <testcase classname="extentReports.ToLearnExtentReports" name="createReport" time="0.790"/>
  <system-out/>
</testsuite> <!-- extentReports.ToLearnExtentReports -->
