<?xml version="1.0" encoding="UTF-8"?>
<!-- Generated by org.testng.reporters.JUnitReportReporter -->
<testsuite hostname="Hi-Speed-S340" failures="0" tests="1" name="demo.Sample" time="0.017" errors="0" timestamp="2025-01-17T11:49:08 IST" skipped="0">
  <testcase classname="demo.Sample" name="launch" time="0.017"/>
  <system-out>
    <![CDATA[Sample class executed]]>
  </system-out>
</testsuite> <!-- demo.Sample -->
